  Application.cpp
  IndexBuffer.cpp
  Renderer.cpp
  Shader.cpp
  TestClearColor.cpp
  Texture.cpp
  glm.cpp
  imgui.cpp
  imgui_demo.cpp
  imgui_draw.cpp
  imgui_impl_glfw.cpp
  imgui_impl_opengl3.cpp
  imgui_tables.cpp
  imgui_widgets.cpp
  stb_image.cpp
  VertexArray.cpp
  VertexBuffer.cpp
  正在生成代码...
LINK : warning LNK4098: 默认库“MSVCRT”与其他库的使用冲突；请使用 /NODEFAULTLIB:library
LINK : warning LNK4098: 默认库“LIBCMT”与其他库的使用冲突；请使用 /NODEFAULTLIB:library
glew32s.lib(glew.obj) : warning LNK4099: 未找到 PDB“vc120.pdb”(使用“glew32s.lib(glew.obj)”或在“E:\opengl\cherno\Project1\Debug\vc120.pdb”中寻找)；正在链接对象，如同没有调试信息一样
  Project1.vcxproj -> E:\opengl\cherno\Project1\Debug\Project1.exe
